[debug] [2021-07-01T14:09:59.366Z] ----------------------------------------------------------------------
[debug] [2021-07-01T14:09:59.369Z] Command:       C:\Program Files\nodejs\node.exe C:\Users\mitan\AppData\Roaming\npm\node_modules\firebase-tools\lib\bin\firebase.js init
[debug] [2021-07-01T14:09:59.369Z] CLI Version:   9.14.0
[debug] [2021-07-01T14:09:59.370Z] Platform:      win32
[debug] [2021-07-01T14:09:59.370Z] Node Version:  v14.16.1
[debug] [2021-07-01T14:09:59.379Z] Time:          Thu Jul 01 2021 19:39:59 GMT+0530 (India Standard Time)
[debug] [2021-07-01T14:09:59.379Z] ----------------------------------------------------------------------
[debug] 
[debug] [2021-07-01T14:09:59.383Z] >>> [apiv2][query] GET https://firebase-public.firebaseio.com/cli.json [none]
[debug] [2021-07-01T14:09:59.441Z] > command requires scopes: ["email","openid","https://www.googleapis.com/auth/cloudplatformprojects.readonly","https://www.googleapis.com/auth/firebase","https://www.googleapis.com/auth/cloud-platform"]
[debug] [2021-07-01T14:09:59.442Z] > authorizing via signed-in user (mitanshrajpoot8@gmail.com)
[info] 
     ######## #### ########  ######## ########     ###     ######  ########
     ##        ##  ##     ## ##       ##     ##  ##   ##  ##       ##
     ######    ##  ########  ######   ########  #########  ######  ######
     ##        ##  ##    ##  ##       ##     ## ##     ##       ## ##
     ##       #### ##     ## ######## ########  ##     ##  ######  ########

You're about to initialize a Firebase project in this directory:

  C:\Users\mitan\React-project\shoplane-app

[debug] [2021-07-01T14:10:00.553Z] <<< [apiv2][status] GET https://firebase-public.firebaseio.com/cli.json 200
[debug] [2021-07-01T14:10:00.553Z] <<< [apiv2][body] GET https://firebase-public.firebaseio.com/cli.json {"cloudBuildErrorAfter":1594252800000,"cloudBuildWarnAfter":1590019200000,"defaultNode10After":1594252800000,"minVersion":"3.0.5","node8DeploysDisabledAfter":1613390400000,"node8RuntimeDisabledAfter":1615809600000,"node8WarnAfter":1600128000000}
[info] 
=== Project Setup
[info] 
[info] First, let's associate this project directory with a Firebase project.
[info] You can create multiple project aliases by running firebase use --add, 
[info] but for now we'll just set up a default project.
[info] 
[debug] [2021-07-01T14:12:11.041Z] > refreshing access token with scopes: []
[debug] [2021-07-01T14:12:11.042Z] >>> HTTP REQUEST POST https://www.googleapis.com/oauth2/v3/token  
 <request body omitted>
[debug] [2021-07-01T14:12:11.748Z] <<< HTTP RESPONSE 200 {"date":"Thu, 01 Jul 2021 14:01:46 GMT","pragma":"no-cache","expires":"Mon, 01 Jan 1990 00:00:00 GMT","cache-control":"no-cache, no-store, max-age=0, must-revalidate","content-type":"application/json; charset=utf-8","vary":"X-Origin, Referer, Origin,Accept-Encoding","server":"scaffolding on HTTPServer2","x-xss-protection":"0","x-frame-options":"SAMEORIGIN","x-content-type-options":"nosniff","alt-svc":"h3=\":443\"; ma=2592000,h3-29=\":443\"; ma=2592000,h3-T051=\":443\"; ma=2592000,h3-Q050=\":443\"; ma=2592000,h3-Q046=\":443\"; ma=2592000,h3-Q043=\":443\"; ma=2592000,quic=\":443\"; ma=2592000; v=\"46,43\"","accept-ranges":"none","transfer-encoding":"chunked"}
[debug] [2021-07-01T14:12:11.772Z] >>> [apiv2][query] GET https://firebase.googleapis.com/v1beta1/projects pageSize=100
[debug] [2021-07-01T14:12:12.541Z] <<< [apiv2][status] GET https://firebase.googleapis.com/v1beta1/projects 200
[debug] [2021-07-01T14:12:12.542Z] <<< [apiv2][body] GET https://firebase.googleapis.com/v1beta1/projects [omitted]
[info] i  Using project shoplane-app (Shoplane-App) 
[info] 
=== Hosting:github Setup
[info] 
[info] i  Detected a .git folder at C:\Users\mitan\React-project\shoplane-app 
[info] i  Authorizing with GitHub to upload your service account to a GitHub repository's secrets store. 
[info] 
[info] Visit this URL on this device to log in:
[info] https://github.com/login/oauth/authorize?client_id=89cf50f02ac6aaed3484&state=705257322&redirect_uri=http%3A%2F%2Flocalhost%3A9005&scope=read%3Auser%20repo%20public_repo
[info] 
[info] Waiting for authentication...
[debug] [2021-07-01T14:12:31.649Z] >>> HTTP REQUEST POST https://github.com/login/oauth/access_token  
 {"client_id":"89cf50f02ac6aaed3484","client_secret":"3330d14abc895d9a74d5f17cd7a00711fa2c5bf0","code":"68155f8171d7812d9dc3","redirect_uri":"http://localhost:9005","state":"705257322"}
[debug] [2021-07-01T14:12:32.347Z] <<< HTTP RESPONSE 200 {"server":"GitHub.com","date":"Thu, 01 Jul 2021 14:02:06 GMT","content-type":"application/json; charset=utf-8","transfer-encoding":"chunked","vary":"X-PJAX, Accept-Encoding, Accept, X-Requested-With","permissions-policy":"interest-cohort=()","etag":"W/\"05d7f79c28da1bd8f9df6e6528c88b1e\"","cache-control":"max-age=0, private, must-revalidate","strict-transport-security":"max-age=31536000; includeSubdomains; preload","x-frame-options":"deny","x-content-type-options":"nosniff","x-xss-protection":"0","referrer-policy":"origin-when-cross-origin, strict-origin-when-cross-origin","expect-ct":"max-age=2592000, report-uri=\"https://api.github.com/_private/browser/errors\"","content-security-policy":"default-src 'none'; base-uri 'self'; block-all-mixed-content; connect-src 'self' uploads.github.com www.githubstatus.com collector.githubapp.com api.github.com github-cloud.s3.amazonaws.com github-production-repository-file-5c1aeb.s3.amazonaws.com github-production-upload-manifest-file-7fdce7.s3.amazonaws.com github-production-user-asset-6210df.s3.amazonaws.com cdn.optimizely.com logx.optimizely.com/v1/events translator.github.com wss://alive.github.com; font-src github.githubassets.com; form-action 'self' github.com gist.github.com; frame-ancestors 'none'; frame-src render.githubusercontent.com render-temp.githubusercontent.com viewscreen.githubusercontent.com; img-src 'self' data: github.githubassets.com identicons.github.com collector.githubapp.com github-cloud.s3.amazonaws.com secured-user-images.githubusercontent.com/ *.githubusercontent.com; manifest-src 'self'; media-src 'none'; script-src github.githubassets.com; style-src 'unsafe-inline' github.githubassets.com; worker-src github.com/socket-worker-3f088aa2.js gist.github.com/socket-worker-3f088aa2.js","x-github-request-id":"FD2E:6C12:CB9BA7:D97C9C:60DDCADE"}
[debug] [2021-07-01T14:12:32.359Z] >>> [apiv2][query] GET https://api.github.com/user [none]
[debug] [2021-07-01T14:12:32.867Z] <<< [apiv2][status] GET https://api.github.com/user 200
[debug] [2021-07-01T14:12:32.868Z] <<< [apiv2][body] GET https://api.github.com/user {"login":"mitansh-1803","id":48548181,"node_id":"MDQ6VXNlcjQ4NTQ4MTgx","avatar_url":"https://avatars.githubusercontent.com/u/48548181?v=4","gravatar_id":"","url":"https://api.github.com/users/mitansh-1803","html_url":"https://github.com/mitansh-1803","followers_url":"https://api.github.com/users/mitansh-1803/followers","following_url":"https://api.github.com/users/mitansh-1803/following{/other_user}","gists_url":"https://api.github.com/users/mitansh-1803/gists{/gist_id}","starred_url":"https://api.github.com/users/mitansh-1803/starred{/owner}{/repo}","subscriptions_url":"https://api.github.com/users/mitansh-1803/subscriptions","organizations_url":"https://api.github.com/users/mitansh-1803/orgs","repos_url":"https://api.github.com/users/mitansh-1803/repos","events_url":"https://api.github.com/users/mitansh-1803/events{/privacy}","received_events_url":"https://api.github.com/users/mitansh-1803/received_events","type":"User","site_admin":false,"name":null,"company":null,"blog":"","location":"Aligarh, Uttar Pradesh","email":null,"hireable":null,"bio":"Mitansh Rajpoot","twitter_username":null,"public_repos":12,"public_gists":0,"followers":0,"following":0,"created_at":"2019-03-14T08:18:53Z","updated_at":"2021-07-01T14:02:05Z","private_gists":0,"total_private_repos":0,"owned_private_repos":0,"disk_usage":1906,"collaborators":0,"two_factor_authentication":false,"plan":{"name":"free","space":976562499,"collaborators":0,"private_repos":10000}}
[info] 
[info] +  Success! Logged into GitHub as mitansh-1803 
[info] 
[debug] [2021-07-01T14:13:23.780Z] >>> [apiv2][query] GET https://api.github.com/repos//actions/secrets/public-key type=owner
[debug] [2021-07-01T14:13:24.207Z] <<< [apiv2][status] GET https://api.github.com/repos//actions/secrets/public-key 404
[debug] [2021-07-01T14:13:24.207Z] <<< [apiv2][body] GET https://api.github.com/repos//actions/secrets/public-key {"message":"Not Found","documentation_url":"https://docs.github.com/rest"}
